[15:10:07] [ServerMain/INFO]: Building unoptimized datafixer
[15:10:14] [ServerMain/WARN]: You specified a resource pack without providing a sha1 hash. Pack will be updated on the client only if you change the name of the pack.
[15:10:14] [ServerMain/INFO]: Environment: authHost='https://authserver.mojang.com', accountsHost='https://api.mojang.com', sessionHost='https://sessionserver.mojang.com', servicesHost='https://api.minecraftservices.com', name='PROD'
[15:10:15] [ServerMain/INFO]: Found new data pack file/bukkit, loading it automatically
[15:10:29] [ServerMain/INFO]: Loaded 7 recipes
[15:11:16] [Server thread/INFO]: Starting minecraft server version 1.19.2
[15:11:16] [Server thread/INFO]: Loading properties
[15:11:17] [Server thread/INFO]: This server is running CraftBukkit version 3569-Spigot-450dcaa-ead719a (MC: 1.19.2) (Implementing API version 1.19.2-R0.1-SNAPSHOT)
[15:11:17] [Server thread/WARN]: Unable to read file whitelist.json, backing it up to {0}.backup and creating new copy.
com.google.gson.JsonSyntaxException: Expected entry to be a JsonObject, was "Werckut"
	at net.minecraft.util.ChatDeserializer.m(SourceFile:405) ~[spigot-1.19.2-R0.1-SNAPSHOT.jar:3569-Spigot-450dcaa-ead719a]
	at net.minecraft.server.players.JsonList.f(JsonList.java:170) ~[spigot-1.19.2-R0.1-SNAPSHOT.jar:3569-Spigot-450dcaa-ead719a]
	at net.minecraft.server.dedicated.DedicatedPlayerList.C(SourceFile:108) ~[spigot-1.19.2-R0.1-SNAPSHOT.jar:3569-Spigot-450dcaa-ead719a]
	at net.minecraft.server.dedicated.DedicatedPlayerList.<init>(SourceFile:28) ~[spigot-1.19.2-R0.1-SNAPSHOT.jar:3569-Spigot-450dcaa-ead719a]
	at net.minecraft.server.dedicated.DedicatedServer.e(DedicatedServer.java:188) ~[spigot-1.19.2-R0.1-SNAPSHOT.jar:3569-Spigot-450dcaa-ead719a]
	at net.minecraft.server.MinecraftServer.v(MinecraftServer.java:968) ~[spigot-1.19.2-R0.1-SNAPSHOT.jar:3569-Spigot-450dcaa-ead719a]
	at net.minecraft.server.MinecraftServer.lambda$0(MinecraftServer.java:293) ~[spigot-1.19.2-R0.1-SNAPSHOT.jar:3569-Spigot-450dcaa-ead719a]
	at java.lang.Thread.run(Thread.java:833) [?:?]
[15:11:17] [Server thread/INFO]: Debug logging is disabled
[15:11:17] [Server thread/INFO]: Server Ping Player Sample Count: 12
[15:11:17] [Server thread/INFO]: Using 4 threads for Netty based IO
[15:11:17] [Server thread/INFO]: Default game type: SURVIVAL
[15:11:17] [Server thread/INFO]: Generating keypair
[15:11:18] [Server thread/INFO]: Starting Minecraft server on localhost:25565
[15:11:19] [Server thread/INFO]: Using default channel type
[15:11:22] [Server thread/INFO]: [CoreProtect] Loading CoreProtect v21.2
[15:11:22] [Server thread/INFO]: [JustChat] Loading JustChat v0.1
[15:11:22] [Server thread/INFO]: [SkinsRestorer] Loading SkinsRestorer v14.2.3
[15:11:22] [Server thread/INFO]: [JustTab] Loading JustTab v1.0
[15:11:22] [Server thread/INFO]: [PlasmoVoice] Loading PlasmoVoice v1.0.11
[15:11:22] [Server thread/INFO]: [SimpleNick] Loading SimpleNick v0.1
[15:11:22] [Server thread/WARN]: **** SERVER IS RUNNING IN OFFLINE/INSECURE MODE!
[15:11:22] [Server thread/WARN]: The server will make no attempt to authenticate usernames. Beware.
[15:11:22] [Server thread/WARN]: While this makes the game possible to play without internet access, it also opens up the ability for hackers to connect with any username they choose.
[15:11:22] [Server thread/WARN]: To change this, set "online-mode" to "true" in the server.properties file.
[15:11:22] [Server thread/INFO]: Preparing level "world"
[15:11:22] [Server thread/INFO]: -------- World Settings For [world] --------
[15:11:22] [Server thread/INFO]: Experience Merge Radius: 3.0
[15:11:22] [Server thread/INFO]: Mob Spawn Range: 6
[15:11:22] [Server thread/INFO]: Cactus Growth Modifier: 100%
[15:11:22] [Server thread/INFO]: Cane Growth Modifier: 100%
[15:11:22] [Server thread/INFO]: Melon Growth Modifier: 100%
[15:11:22] [Server thread/INFO]: Mushroom Growth Modifier: 100%
[15:11:22] [Server thread/INFO]: Pumpkin Growth Modifier: 100%
[15:11:22] [Server thread/INFO]: Sapling Growth Modifier: 100%
[15:11:22] [Server thread/INFO]: Beetroot Growth Modifier: 100%
[15:11:22] [Server thread/INFO]: Carrot Growth Modifier: 100%
[15:11:22] [Server thread/INFO]: Potato Growth Modifier: 100%
[15:11:22] [Server thread/INFO]: Wheat Growth Modifier: 100%
[15:11:22] [Server thread/INFO]: NetherWart Growth Modifier: 100%
[15:11:22] [Server thread/INFO]: Vine Growth Modifier: 100%
[15:11:22] [Server thread/INFO]: Cocoa Growth Modifier: 100%
[15:11:22] [Server thread/INFO]: Bamboo Growth Modifier: 100%
[15:11:22] [Server thread/INFO]: SweetBerry Growth Modifier: 100%
[15:11:22] [Server thread/INFO]: Kelp Growth Modifier: 100%
[15:11:22] [Server thread/INFO]: Entity Tracking Range: Pl 48 / An 48 / Mo 48 / Mi 32 / Other 64
[15:11:22] [Server thread/INFO]: Entity Activation Range: An 32 / Mo 32 / Ra 48 / Mi 16 / Tiv true / Isa false
[15:11:22] [Server thread/INFO]: Hopper Transfer: 8 Hopper Check: 1 Hopper Amount: 1 Hopper Can Load Chunks: false
[15:11:22] [Server thread/INFO]: Custom Map Seeds:  Village: 10387312 Desert: 14357617 Igloo: 14357618 Jungle: 14357619 Swamp: 14357620 Monument: 10387313 Ocean: 14357621 Shipwreck: 165745295 End City: 10387313 Slime: 987234911 Nether: 30084232 Mansion: 10387319 Fossil: 14357921 Portal: 34222645
[15:11:22] [Server thread/INFO]: Tile Max Tick Time: 50ms Entity max Tick Time: 50ms
[15:11:22] [Server thread/INFO]: Max TNT Explosions: 100
[15:11:22] [Server thread/INFO]: View Distance: 10
[15:11:22] [Server thread/INFO]: Simulation Distance: 10
[15:11:22] [Server thread/INFO]: Item Merge Radius: 2.5
[15:11:22] [Server thread/INFO]: Item Despawn Rate: 6000
[15:11:22] [Server thread/INFO]: Allow Zombie Pigmen to spawn from portal blocks: true
[15:11:22] [Server thread/INFO]: Arrow Despawn Rate: 1200 Trident Respawn Rate:1200
[15:11:22] [Server thread/INFO]: Nerfing mobs spawned from spawners: false
[15:11:22] [Server thread/INFO]: Zombie Aggressive Towards Villager: true
[15:11:34] [Server thread/INFO]: -------- World Settings For [world_nether] --------
[15:11:34] [Server thread/INFO]: Experience Merge Radius: 3.0
[15:11:34] [Server thread/INFO]: Mob Spawn Range: 6
[15:11:34] [Server thread/INFO]: Cactus Growth Modifier: 100%
[15:11:34] [Server thread/INFO]: Cane Growth Modifier: 100%
[15:11:34] [Server thread/INFO]: Melon Growth Modifier: 100%
[15:11:34] [Server thread/INFO]: Mushroom Growth Modifier: 100%
[15:11:34] [Server thread/INFO]: Pumpkin Growth Modifier: 100%
[15:11:34] [Server thread/INFO]: Sapling Growth Modifier: 100%
[15:11:34] [Server thread/INFO]: Beetroot Growth Modifier: 100%
[15:11:34] [Server thread/INFO]: Carrot Growth Modifier: 100%
[15:11:34] [Server thread/INFO]: Potato Growth Modifier: 100%
[15:11:34] [Server thread/INFO]: Wheat Growth Modifier: 100%
[15:11:34] [Server thread/INFO]: NetherWart Growth Modifier: 100%
[15:11:34] [Server thread/INFO]: Vine Growth Modifier: 100%
[15:11:34] [Server thread/INFO]: Cocoa Growth Modifier: 100%
[15:11:34] [Server thread/INFO]: Bamboo Growth Modifier: 100%
[15:11:34] [Server thread/INFO]: SweetBerry Growth Modifier: 100%
[15:11:34] [Server thread/INFO]: Kelp Growth Modifier: 100%
[15:11:34] [Server thread/INFO]: Entity Tracking Range: Pl 48 / An 48 / Mo 48 / Mi 32 / Other 64
[15:11:34] [Server thread/INFO]: Entity Activation Range: An 32 / Mo 32 / Ra 48 / Mi 16 / Tiv true / Isa false
[15:11:34] [Server thread/INFO]: Hopper Transfer: 8 Hopper Check: 1 Hopper Amount: 1 Hopper Can Load Chunks: false
[15:11:34] [Server thread/INFO]: Custom Map Seeds:  Village: 10387312 Desert: 14357617 Igloo: 14357618 Jungle: 14357619 Swamp: 14357620 Monument: 10387313 Ocean: 14357621 Shipwreck: 165745295 End City: 10387313 Slime: 987234911 Nether: 30084232 Mansion: 10387319 Fossil: 14357921 Portal: 34222645
[15:11:34] [Server thread/INFO]: Tile Max Tick Time: 50ms Entity max Tick Time: 50ms
[15:11:34] [Server thread/INFO]: Max TNT Explosions: 100
[15:11:34] [Server thread/INFO]: View Distance: 10
[15:11:34] [Server thread/INFO]: Simulation Distance: 10
[15:11:34] [Server thread/INFO]: Item Merge Radius: 2.5
[15:11:34] [Server thread/INFO]: Item Despawn Rate: 6000
[15:11:34] [Server thread/INFO]: Allow Zombie Pigmen to spawn from portal blocks: true
[15:11:34] [Server thread/INFO]: Arrow Despawn Rate: 1200 Trident Respawn Rate:1200
[15:11:34] [Server thread/INFO]: Nerfing mobs spawned from spawners: false
[15:11:34] [Server thread/INFO]: Zombie Aggressive Towards Villager: true
[15:11:41] [Server thread/INFO]: -------- World Settings For [world_the_end] --------
[15:11:41] [Server thread/INFO]: Experience Merge Radius: 3.0
[15:11:41] [Server thread/INFO]: Mob Spawn Range: 6
[15:11:41] [Server thread/INFO]: Cactus Growth Modifier: 100%
[15:11:41] [Server thread/INFO]: Cane Growth Modifier: 100%
[15:11:41] [Server thread/INFO]: Melon Growth Modifier: 100%
[15:11:41] [Server thread/INFO]: Mushroom Growth Modifier: 100%
[15:11:41] [Server thread/INFO]: Pumpkin Growth Modifier: 100%
[15:11:41] [Server thread/INFO]: Sapling Growth Modifier: 100%
[15:11:41] [Server thread/INFO]: Beetroot Growth Modifier: 100%
[15:11:41] [Server thread/INFO]: Carrot Growth Modifier: 100%
[15:11:41] [Server thread/INFO]: Potato Growth Modifier: 100%
[15:11:41] [Server thread/INFO]: Wheat Growth Modifier: 100%
[15:11:41] [Server thread/INFO]: NetherWart Growth Modifier: 100%
[15:11:41] [Server thread/INFO]: Vine Growth Modifier: 100%
[15:11:41] [Server thread/INFO]: Cocoa Growth Modifier: 100%
[15:11:41] [Server thread/INFO]: Bamboo Growth Modifier: 100%
[15:11:41] [Server thread/INFO]: SweetBerry Growth Modifier: 100%
[15:11:41] [Server thread/INFO]: Kelp Growth Modifier: 100%
[15:11:41] [Server thread/INFO]: Entity Tracking Range: Pl 48 / An 48 / Mo 48 / Mi 32 / Other 64
[15:11:41] [Server thread/INFO]: Entity Activation Range: An 32 / Mo 32 / Ra 48 / Mi 16 / Tiv true / Isa false
[15:11:41] [Server thread/INFO]: Hopper Transfer: 8 Hopper Check: 1 Hopper Amount: 1 Hopper Can Load Chunks: false
[15:11:41] [Server thread/INFO]: Custom Map Seeds:  Village: 10387312 Desert: 14357617 Igloo: 14357618 Jungle: 14357619 Swamp: 14357620 Monument: 10387313 Ocean: 14357621 Shipwreck: 165745295 End City: 10387313 Slime: 987234911 Nether: 30084232 Mansion: 10387319 Fossil: 14357921 Portal: 34222645
[15:11:41] [Server thread/INFO]: Tile Max Tick Time: 50ms Entity max Tick Time: 50ms
[15:11:41] [Server thread/INFO]: Max TNT Explosions: 100
[15:11:41] [Server thread/INFO]: View Distance: 10
[15:11:41] [Server thread/INFO]: Simulation Distance: 10
[15:11:41] [Server thread/INFO]: Item Merge Radius: 2.5
[15:11:41] [Server thread/INFO]: Item Despawn Rate: 6000
[15:11:41] [Server thread/INFO]: Allow Zombie Pigmen to spawn from portal blocks: true
[15:11:41] [Server thread/INFO]: Arrow Despawn Rate: 1200 Trident Respawn Rate:1200
[15:11:41] [Server thread/INFO]: Nerfing mobs spawned from spawners: false
[15:11:41] [Server thread/INFO]: Zombie Aggressive Towards Villager: true
[15:11:43] [Server thread/INFO]: Preparing start region for dimension minecraft:overworld
[15:11:43] [Server thread/INFO]: Preparing spawn area: 3%
[15:11:44] [Server thread/INFO]: Preparing spawn area: 3%
[15:11:44] [Server thread/INFO]: Preparing spawn area: 3%
[15:11:45] [Server thread/INFO]: Preparing spawn area: 3%
[15:11:48] [Worker-Main-3/INFO]: Preparing spawn area: 7%
[15:11:48] [Worker-Main-2/INFO]: Preparing spawn area: 7%
[15:11:48] [Worker-Main-2/INFO]: Preparing spawn area: 7%
[15:11:48] [Worker-Main-2/INFO]: Preparing spawn area: 7%
[15:11:48] [Worker-Main-2/INFO]: Preparing spawn area: 7%
[15:11:48] [Worker-Main-2/INFO]: Preparing spawn area: 7%
[15:11:54] [Worker-Main-3/INFO]: Preparing spawn area: 71%
[15:11:54] [Worker-Main-2/INFO]: Preparing spawn area: 71%
[15:11:54] [Worker-Main-3/INFO]: Preparing spawn area: 71%
[15:11:54] [Worker-Main-3/INFO]: Preparing spawn area: 71%
[15:11:54] [Worker-Main-3/INFO]: Preparing spawn area: 71%
[15:11:54] [Worker-Main-3/INFO]: Preparing spawn area: 71%
[15:11:54] [Worker-Main-2/INFO]: Preparing spawn area: 71%
[15:11:54] [Worker-Main-2/INFO]: Preparing spawn area: 71%
[15:11:54] [Worker-Main-3/INFO]: Preparing spawn area: 71%
[15:11:54] [Worker-Main-3/INFO]: Preparing spawn area: 71%
[15:11:54] [Worker-Main-3/INFO]: Preparing spawn area: 71%
[15:11:54] [Worker-Main-2/INFO]: Preparing spawn area: 71%
[15:11:54] [Worker-Main-3/INFO]: Preparing spawn area: 71%
[15:12:44] [Worker-Main-3/INFO]: Preparing spawn area: 74%
[15:12:44] [Worker-Main-1/INFO]: Preparing spawn area: 74%
[15:12:44] [Worker-Main-1/INFO]: Preparing spawn area: 74%
[15:12:44] [Worker-Main-2/INFO]: Preparing spawn area: 75%
[15:12:44] [Worker-Main-2/INFO]: Preparing spawn area: 75%
[15:12:44] [Worker-Main-3/INFO]: Preparing spawn area: 75%
[15:12:44] [Worker-Main-3/INFO]: Preparing spawn area: 75%
[15:12:44] [Worker-Main-1/INFO]: Preparing spawn area: 75%
[15:12:44] [Worker-Main-3/INFO]: Preparing spawn area: 75%
[15:12:45] [Worker-Main-3/INFO]: Preparing spawn area: 75%
[15:12:45] [Worker-Main-3/INFO]: Preparing spawn area: 75%
[15:12:45] [Worker-Main-3/INFO]: Preparing spawn area: 75%
[15:12:45] [Worker-Main-2/INFO]: Preparing spawn area: 75%
[15:12:45] [Worker-Main-2/INFO]: Preparing spawn area: 75%
[15:12:45] [Worker-Main-2/INFO]: Preparing spawn area: 75%
[15:12:45] [Worker-Main-2/INFO]: Preparing spawn area: 75%
[15:12:45] [Worker-Main-2/INFO]: Preparing spawn area: 75%
[15:12:45] [Worker-Main-2/INFO]: Preparing spawn area: 75%
[15:12:45] [Worker-Main-2/INFO]: Preparing spawn area: 75%
[15:12:45] [Worker-Main-2/INFO]: Preparing spawn area: 75%
[15:12:45] [Worker-Main-2/INFO]: Preparing spawn area: 75%
[15:12:45] [Worker-Main-1/INFO]: Preparing spawn area: 75%
[15:12:45] [Worker-Main-1/INFO]: Preparing spawn area: 75%
[15:12:45] [Worker-Main-1/INFO]: Preparing spawn area: 75%
[15:12:45] [Worker-Main-1/INFO]: Preparing spawn area: 75%
[15:12:45] [Worker-Main-1/INFO]: Preparing spawn area: 75%
[15:12:45] [Worker-Main-1/INFO]: Preparing spawn area: 75%
[15:12:45] [Worker-Main-1/INFO]: Preparing spawn area: 75%
[15:12:45] [Worker-Main-1/INFO]: Preparing spawn area: 75%
[15:12:53] [Worker-Main-1/INFO]: Preparing spawn area: 75%
[15:12:53] [Worker-Main-3/INFO]: Preparing spawn area: 75%
[15:12:53] [Worker-Main-3/INFO]: Preparing spawn area: 75%
[15:12:53] [Worker-Main-3/INFO]: Preparing spawn area: 75%
[15:12:54] [Worker-Main-3/INFO]: Preparing spawn area: 75%
[15:12:54] [Worker-Main-3/INFO]: Preparing spawn area: 75%
[15:12:54] [Worker-Main-1/INFO]: Preparing spawn area: 75%
[15:12:54] [Worker-Main-1/INFO]: Preparing spawn area: 75%
[15:12:54] [Worker-Main-1/INFO]: Preparing spawn area: 75%
[15:12:54] [Worker-Main-3/INFO]: Preparing spawn area: 75%
[15:12:54] [Worker-Main-3/INFO]: Preparing spawn area: 75%
[15:12:54] [Worker-Main-3/INFO]: Preparing spawn area: 75%
[15:12:54] [Worker-Main-3/INFO]: Preparing spawn area: 75%
[15:12:54] [Worker-Main-3/INFO]: Preparing spawn area: 75%
[15:12:54] [Worker-Main-3/INFO]: Preparing spawn area: 75%
[15:12:54] [Worker-Main-3/INFO]: Preparing spawn area: 75%
[15:12:54] [Worker-Main-1/INFO]: Preparing spawn area: 75%
[15:12:54] [Worker-Main-1/INFO]: Preparing spawn area: 75%
[15:12:54] [Worker-Main-1/INFO]: Preparing spawn area: 75%
[15:12:54] [Worker-Main-2/INFO]: Preparing spawn area: 75%
[15:12:54] [Worker-Main-2/INFO]: Preparing spawn area: 75%
[15:12:54] [Worker-Main-2/INFO]: Preparing spawn area: 75%
[15:12:54] [Worker-Main-3/INFO]: Preparing spawn area: 75%
[15:12:54] [Worker-Main-3/INFO]: Preparing spawn area: 75%
[15:12:54] [Worker-Main-3/INFO]: Preparing spawn area: 75%
[15:12:54] [Worker-Main-1/INFO]: Preparing spawn area: 75%
[15:12:54] [Worker-Main-3/INFO]: Preparing spawn area: 75%
[15:12:54] [Worker-Main-3/INFO]: Preparing spawn area: 75%
[15:12:54] [Worker-Main-2/INFO]: Preparing spawn area: 75%
[15:12:55] [Worker-Main-1/INFO]: Preparing spawn area: 75%
[15:12:55] [Worker-Main-2/INFO]: Preparing spawn area: 75%
[15:12:55] [Worker-Main-1/INFO]: Preparing spawn area: 75%
[15:12:55] [Worker-Main-1/INFO]: Preparing spawn area: 75%
[15:12:55] [Worker-Main-2/INFO]: Preparing spawn area: 75%
[15:12:55] [Worker-Main-3/INFO]: Preparing spawn area: 75%
[15:12:55] [Worker-Main-2/INFO]: Preparing spawn area: 75%
[15:12:55] [Worker-Main-2/INFO]: Preparing spawn area: 75%
[15:12:55] [Worker-Main-1/INFO]: Preparing spawn area: 75%
[15:12:56] [Worker-Main-1/INFO]: Preparing spawn area: 75%
[15:12:56] [Worker-Main-1/INFO]: Preparing spawn area: 75%
[15:12:56] [Worker-Main-1/INFO]: Preparing spawn area: 75%
[15:12:56] [Worker-Main-2/INFO]: Preparing spawn area: 75%
[15:12:56] [Worker-Main-2/INFO]: Preparing spawn area: 75%
[15:12:57] [Worker-Main-2/INFO]: Preparing spawn area: 75%
[15:12:57] [Worker-Main-2/INFO]: Preparing spawn area: 75%
[15:12:57] [Worker-Main-2/INFO]: Preparing spawn area: 75%
[15:12:57] [Worker-Main-2/INFO]: Preparing spawn area: 75%
[15:12:57] [Worker-Main-2/INFO]: Preparing spawn area: 75%
[15:12:57] [Worker-Main-3/INFO]: Preparing spawn area: 75%
[15:12:57] [Worker-Main-2/INFO]: Preparing spawn area: 75%
[15:12:57] [Worker-Main-1/INFO]: Preparing spawn area: 75%
[15:12:57] [Worker-Main-1/INFO]: Preparing spawn area: 75%
[15:12:57] [Worker-Main-1/INFO]: Preparing spawn area: 75%
[15:12:57] [Worker-Main-3/INFO]: Preparing spawn area: 75%
[15:12:57] [Worker-Main-3/INFO]: Preparing spawn area: 75%
[15:12:58] [Worker-Main-3/INFO]: Preparing spawn area: 75%
[15:12:58] [Worker-Main-3/INFO]: Preparing spawn area: 75%
[15:12:58] [Worker-Main-1/INFO]: Preparing spawn area: 75%
[15:12:58] [Worker-Main-1/INFO]: Preparing spawn area: 75%
[15:12:58] [Worker-Main-1/INFO]: Preparing spawn area: 75%
[15:12:58] [Worker-Main-1/INFO]: Preparing spawn area: 75%
[15:12:58] [Worker-Main-2/INFO]: Preparing spawn area: 75%
[15:12:58] [Worker-Main-2/INFO]: Preparing spawn area: 75%
[15:12:58] [Worker-Main-2/INFO]: Preparing spawn area: 75%
[15:12:58] [Worker-Main-2/INFO]: Preparing spawn area: 75%
[15:12:58] [Worker-Main-2/INFO]: Preparing spawn area: 75%
[15:12:58] [Worker-Main-2/INFO]: Preparing spawn area: 75%
[15:12:58] [Worker-Main-3/INFO]: Preparing spawn area: 75%
[15:12:58] [Worker-Main-3/INFO]: Preparing spawn area: 75%
[15:12:58] [Worker-Main-2/INFO]: Preparing spawn area: 75%
[15:12:58] [Worker-Main-2/INFO]: Preparing spawn area: 75%
[15:12:58] [Worker-Main-2/INFO]: Preparing spawn area: 75%
[15:12:59] [Worker-Main-1/INFO]: Preparing spawn area: 75%
[15:12:59] [Worker-Main-1/INFO]: Preparing spawn area: 75%
[15:12:59] [Worker-Main-1/INFO]: Preparing spawn area: 75%
[15:12:59] [Worker-Main-2/INFO]: Preparing spawn area: 75%
[15:12:59] [Worker-Main-2/INFO]: Preparing spawn area: 76%
[15:12:59] [Worker-Main-2/INFO]: Preparing spawn area: 76%
[15:12:59] [Worker-Main-2/INFO]: Preparing spawn area: 76%
[15:12:59] [Worker-Main-1/INFO]: Preparing spawn area: 76%
[15:12:59] [Worker-Main-1/INFO]: Preparing spawn area: 76%
[15:12:59] [Worker-Main-3/INFO]: Preparing spawn area: 76%
[15:12:59] [Worker-Main-3/INFO]: Preparing spawn area: 76%
[15:12:59] [Worker-Main-3/INFO]: Preparing spawn area: 76%
[15:12:59] [Worker-Main-3/INFO]: Preparing spawn area: 76%
[15:12:59] [Worker-Main-2/INFO]: Preparing spawn area: 76%
[15:13:03] [Worker-Main-2/INFO]: Preparing spawn area: 76%
[15:13:03] [Worker-Main-3/INFO]: Preparing spawn area: 76%
[15:13:03] [Worker-Main-2/INFO]: Preparing spawn area: 76%
[15:13:03] [Worker-Main-2/INFO]: Preparing spawn area: 76%
[15:13:03] [Worker-Main-2/INFO]: Preparing spawn area: 76%
[15:13:03] [Worker-Main-2/INFO]: Preparing spawn area: 76%
[15:13:03] [Worker-Main-2/INFO]: Preparing spawn area: 76%
[15:13:03] [Worker-Main-2/INFO]: Preparing spawn area: 76%
[15:13:03] [Worker-Main-2/INFO]: Preparing spawn area: 76%
[15:13:03] [Worker-Main-2/INFO]: Preparing spawn area: 76%
[15:13:03] [Worker-Main-1/INFO]: Preparing spawn area: 76%
[15:13:03] [Worker-Main-1/INFO]: Preparing spawn area: 76%
[15:13:03] [Worker-Main-1/INFO]: Preparing spawn area: 76%
[15:13:03] [Worker-Main-1/INFO]: Preparing spawn area: 76%
[15:13:03] [Worker-Main-1/INFO]: Preparing spawn area: 76%
[15:13:03] [Worker-Main-1/INFO]: Preparing spawn area: 76%
[15:13:03] [Worker-Main-1/INFO]: Preparing spawn area: 76%
[15:13:03] [Worker-Main-1/INFO]: Preparing spawn area: 76%
[15:13:03] [Worker-Main-1/INFO]: Preparing spawn area: 76%
[15:13:04] [Worker-Main-3/INFO]: Preparing spawn area: 76%
[15:13:04] [Worker-Main-3/INFO]: Preparing spawn area: 76%
[15:13:04] [Worker-Main-3/INFO]: Preparing spawn area: 76%
[15:13:04] [Worker-Main-3/INFO]: Preparing spawn area: 76%
[15:13:04] [Worker-Main-3/INFO]: Preparing spawn area: 76%
[15:13:04] [Worker-Main-3/INFO]: Preparing spawn area: 77%
[15:13:05] [Worker-Main-2/INFO]: Preparing spawn area: 77%
[15:13:05] [Worker-Main-2/INFO]: Preparing spawn area: 77%
[15:13:06] [Worker-Main-2/INFO]: Preparing spawn area: 81%
[15:13:06] [Worker-Main-1/INFO]: Preparing spawn area: 81%
[15:13:07] [Worker-Main-2/INFO]: Preparing spawn area: 83%
[15:13:07] [Worker-Main-3/INFO]: Preparing spawn area: 86%
[15:13:08] [Worker-Main-2/INFO]: Preparing spawn area: 86%
[15:13:08] [Worker-Main-3/INFO]: Preparing spawn area: 86%
[15:13:09] [Worker-Main-3/INFO]: Preparing spawn area: 87%
[15:13:09] [Worker-Main-1/INFO]: Preparing spawn area: 87%
[15:13:10] [Worker-Main-2/INFO]: Preparing spawn area: 87%
[15:13:10] [Worker-Main-3/INFO]: Preparing spawn area: 89%
[15:13:11] [Worker-Main-2/INFO]: Preparing spawn area: 89%
[15:13:11] [Worker-Main-1/INFO]: Preparing spawn area: 90%
[15:13:12] [Worker-Main-3/INFO]: Preparing spawn area: 90%
[15:13:12] [Worker-Main-3/INFO]: Preparing spawn area: 90%
[15:13:13] [Worker-Main-1/INFO]: Preparing spawn area: 91%
[15:13:13] [Worker-Main-3/INFO]: Preparing spawn area: 92%
[15:13:14] [Worker-Main-3/INFO]: Preparing spawn area: 95%
[15:13:14] [Worker-Main-1/INFO]: Preparing spawn area: 96%
[15:13:15] [Worker-Main-3/INFO]: Preparing spawn area: 96%
[15:13:15] [Worker-Main-2/INFO]: Preparing spawn area: 97%
[15:13:16] [Worker-Main-1/INFO]: Preparing spawn area: 98%
[15:13:16] [Worker-Main-1/INFO]: Preparing spawn area: 98%
[15:13:16] [Server thread/INFO]: Time elapsed: 93331 ms
[15:13:16] [Server thread/INFO]: Preparing start region for dimension minecraft:the_nether
[15:13:16] [Server thread/INFO]: Preparing spawn area: 0%
[15:13:17] [Server thread/INFO]: Preparing spawn area: 0%
[15:13:18] [Server thread/INFO]: Preparing spawn area: 0%
[15:13:18] [Worker-Main-1/INFO]: Preparing spawn area: 0%
[15:13:20] [Worker-Main-3/INFO]: Preparing spawn area: 2%
[15:13:20] [Worker-Main-3/INFO]: Preparing spawn area: 2%
[15:13:20] [Worker-Main-1/INFO]: Preparing spawn area: 2%
[15:13:20] [Worker-Main-1/INFO]: Preparing spawn area: 2%
[15:13:21] [Worker-Main-1/INFO]: Preparing spawn area: 2%
[15:13:21] [Worker-Main-3/INFO]: Preparing spawn area: 2%
[15:13:22] [Worker-Main-3/INFO]: Preparing spawn area: 2%
[15:13:22] [Worker-Main-1/INFO]: Preparing spawn area: 3%
[15:13:23] [Worker-Main-3/INFO]: Preparing spawn area: 3%
[15:13:23] [Worker-Main-1/INFO]: Preparing spawn area: 5%
[15:13:23] [Worker-Main-1/INFO]: Preparing spawn area: 6%
[15:13:24] [Worker-Main-1/INFO]: Preparing spawn area: 6%
[15:13:25] [Worker-Main-3/INFO]: Preparing spawn area: 7%
[15:13:25] [Worker-Main-1/INFO]: Preparing spawn area: 8%
[15:13:25] [Worker-Main-1/INFO]: Preparing spawn area: 9%
[15:13:26] [Worker-Main-2/INFO]: Preparing spawn area: 9%
[15:13:26] [Worker-Main-1/INFO]: Preparing spawn area: 12%
[15:13:27] [Worker-Main-3/INFO]: Preparing spawn area: 12%
[15:13:27] [Worker-Main-2/INFO]: Preparing spawn area: 13%
[15:13:28] [Worker-Main-3/INFO]: Preparing spawn area: 14%
[15:13:29] [Worker-Main-3/INFO]: Preparing spawn area: 15%
[15:13:29] [Worker-Main-3/INFO]: Preparing spawn area: 15%
[15:13:29] [Worker-Main-2/INFO]: Preparing spawn area: 17%
[15:13:30] [Worker-Main-3/INFO]: Preparing spawn area: 18%
[15:13:30] [Worker-Main-2/INFO]: Preparing spawn area: 20%
[15:13:31] [Worker-Main-2/INFO]: Preparing spawn area: 20%
[15:13:32] [Worker-Main-1/INFO]: Preparing spawn area: 22%
[15:13:32] [Worker-Main-3/INFO]: Preparing spawn area: 24%
[15:13:33] [Worker-Main-1/INFO]: Preparing spawn area: 26%
[15:13:33] [Worker-Main-2/INFO]: Preparing spawn area: 27%
[15:13:33] [Worker-Main-1/INFO]: Preparing spawn area: 28%
[15:13:34] [Worker-Main-1/INFO]: Preparing spawn area: 31%
[15:13:34] [Worker-Main-1/INFO]: Preparing spawn area: 32%
[15:13:35] [Worker-Main-3/INFO]: Preparing spawn area: 33%
[15:13:36] [Worker-Main-2/INFO]: Preparing spawn area: 35%
[15:13:36] [Worker-Main-2/INFO]: Preparing spawn area: 37%
[15:13:37] [Worker-Main-2/INFO]: Preparing spawn area: 40%
[15:13:37] [Worker-Main-3/INFO]: Preparing spawn area: 42%
[15:13:37] [Worker-Main-2/INFO]: Preparing spawn area: 43%
[15:13:38] [Worker-Main-1/INFO]: Preparing spawn area: 45%
[15:13:39] [Worker-Main-1/INFO]: Preparing spawn area: 47%
[15:13:39] [Worker-Main-2/INFO]: Preparing spawn area: 48%
[15:13:40] [Worker-Main-3/INFO]: Preparing spawn area: 51%
[15:13:40] [Worker-Main-1/INFO]: Preparing spawn area: 51%
[15:13:40] [Worker-Main-3/INFO]: Preparing spawn area: 54%
[15:13:41] [Worker-Main-1/INFO]: Preparing spawn area: 56%
[15:13:42] [Worker-Main-3/INFO]: Preparing spawn area: 58%
[15:13:42] [Worker-Main-1/INFO]: Preparing spawn area: 59%
[15:13:43] [Worker-Main-3/INFO]: Preparing spawn area: 62%
[15:13:43] [Worker-Main-1/INFO]: Preparing spawn area: 63%
[15:13:44] [Worker-Main-3/INFO]: Preparing spawn area: 65%
[15:13:44] [Worker-Main-3/INFO]: Preparing spawn area: 69%
[15:13:44] [Worker-Main-2/INFO]: Preparing spawn area: 70%
[15:13:45] [Worker-Main-2/INFO]: Preparing spawn area: 72%
[15:13:46] [Worker-Main-1/INFO]: Preparing spawn area: 75%
[15:13:46] [Worker-Main-2/INFO]: Preparing spawn area: 76%
[15:13:47] [Worker-Main-3/INFO]: Preparing spawn area: 78%
[15:13:47] [Worker-Main-3/INFO]: Preparing spawn area: 78%
[15:13:48] [Worker-Main-1/INFO]: Preparing spawn area: 79%
[15:13:48] [Worker-Main-3/INFO]: Preparing spawn area: 80%
[15:13:48] [Worker-Main-1/INFO]: Preparing spawn area: 82%
[15:13:49] [Worker-Main-3/INFO]: Preparing spawn area: 84%
[15:13:49] [Worker-Main-3/INFO]: Preparing spawn area: 85%
[15:13:50] [Worker-Main-2/INFO]: Preparing spawn area: 87%
[15:13:50] [Worker-Main-3/INFO]: Preparing spawn area: 88%
[15:13:51] [Worker-Main-1/INFO]: Preparing spawn area: 90%
[15:13:51] [Worker-Main-3/INFO]: Preparing spawn area: 92%
[15:13:52] [Worker-Main-2/INFO]: Preparing spawn area: 94%
[15:13:52] [Worker-Main-3/INFO]: Preparing spawn area: 97%
[15:13:53] [Server thread/INFO]: Time elapsed: 36427 ms
[15:13:53] [Server thread/INFO]: Preparing start region for dimension minecraft:the_end
[15:13:53] [Server thread/INFO]: Preparing spawn area: 0%
[15:13:53] [Server thread/INFO]: Preparing spawn area: 0%
[15:13:54] [Server thread/INFO]: Preparing spawn area: 0%
[15:13:54] [Server thread/INFO]: Preparing spawn area: 0%
[15:13:55] [Server thread/INFO]: Preparing spawn area: 0%
[15:13:55] [Server thread/INFO]: Preparing spawn area: 0%
[15:13:59] [Worker-Main-2/INFO]: Preparing spawn area: 1%
[15:13:59] [Worker-Main-1/INFO]: Preparing spawn area: 1%
[15:13:59] [Worker-Main-1/INFO]: Preparing spawn area: 1%
[15:13:59] [Worker-Main-3/INFO]: Preparing spawn area: 1%
[15:13:59] [Worker-Main-1/INFO]: Preparing spawn area: 1%
[15:13:59] [Worker-Main-2/INFO]: Preparing spawn area: 1%
[15:13:59] [Worker-Main-2/INFO]: Preparing spawn area: 1%
[15:13:59] [Worker-Main-2/INFO]: Preparing spawn area: 1%
[15:14:00] [Worker-Main-2/INFO]: Preparing spawn area: 1%
[15:14:00] [Worker-Main-3/INFO]: Preparing spawn area: 3%
[15:14:01] [Worker-Main-2/INFO]: Preparing spawn area: 6%
[15:14:01] [Worker-Main-3/INFO]: Preparing spawn area: 15%
[15:14:02] [Worker-Main-2/INFO]: Preparing spawn area: 22%
[15:14:02] [Worker-Main-1/INFO]: Preparing spawn area: 32%
[15:14:03] [Worker-Main-3/INFO]: Preparing spawn area: 45%
[15:14:03] [Worker-Main-2/INFO]: Preparing spawn area: 56%
[15:14:04] [Worker-Main-1/INFO]: Preparing spawn area: 65%
[15:14:04] [Worker-Main-1/INFO]: Preparing spawn area: 76%
[15:14:05] [Worker-Main-2/INFO]: Preparing spawn area: 86%
[15:14:05] [Worker-Main-1/INFO]: Preparing spawn area: 93%
[15:14:06] [Server thread/INFO]: Time elapsed: 12833 ms
[15:14:06] [Server thread/INFO]: [CoreProtect] Enabling CoreProtect v21.2
[15:14:08] [Server thread/INFO]: [0;37;1m[0;37;1m[m[CoreProtect] CoreProtect has been successfully enabled![0;37;1m[0;37;1m [m
[15:14:08] [Server thread/INFO]: [CoreProtect] Using SQLite for data storage.
[15:14:08] [Server thread/INFO]: --------------------
[15:14:08] [Server thread/INFO]: [CoreProtect] Enjoy CoreProtect? Join our Discord!
[15:14:08] [Server thread/INFO]: [CoreProtect] Discord: www.coreprotect.net/discord/
[15:14:08] [Server thread/INFO]: --------------------
[15:14:08] [Server thread/INFO]: [JustChat] Enabling JustChat v0.1
[15:14:08] [Server thread/INFO]: [SkinsRestorer] Enabling SkinsRestorer v14.2.3
[15:14:09] [Server thread/INFO]: [33;1m[[32;22mSkinsRestorer[33;1m] [0;39m[32;1mDetected Minecraft [33;1mv1_19_R1[32;1m, using [33;1mMappingSpigotSkinRefresher[32;1m.[0;39m[m
[15:14:11] [Server thread/INFO]: [JustTab] Enabling JustTab v1.0
[15:14:11] [Server thread/INFO]: [PlasmoVoice] Enabling PlasmoVoice v1.0.11
[15:14:11] [Server thread/INFO]: [SimpleNick] Enabling SimpleNick v0.1
[15:14:12] [Server thread/INFO]: Server permissions file permissions.yml is empty, ignoring it
[15:14:12] [Server thread/INFO]: Done (169.593s)! For help, type "help"
[15:14:13] [Thread-9/INFO]: [PlasmoVoice] Voice UDP server started on /0.0.0.0:25565
[15:14:14] [Craft Scheduler Thread - 0/INFO]: [33;1m[[32;22mSkinsRestorer[33;1m] [0;39m[32;1m----------------------------------------------[0;39m[m
[15:14:14] [Craft Scheduler Thread - 0/INFO]: [33;1m[[32;22mSkinsRestorer[33;1m] [0;39m[32;1m    +==================+[0;39m[m
[15:14:14] [Craft Scheduler Thread - 0/INFO]: [33;1m[[32;22mSkinsRestorer[33;1m] [0;39m[32;1m    |   SkinsRestorer  |[0;39m[m
[15:14:14] [Craft Scheduler Thread - 0/INFO]: [33;1m[[32;22mSkinsRestorer[33;1m] [0;39m[32;1m    |------------------|[0;39m[m
[15:14:14] [Craft Scheduler Thread - 0/INFO]: [33;1m[[32;22mSkinsRestorer[33;1m] [0;39m[32;1m    |  [34;1m[4m[21mStandalone Mode[0;39m[32;1m |[0;39m[m
[15:14:14] [Craft Scheduler Thread - 0/INFO]: [33;1m[[32;22mSkinsRestorer[33;1m] [0;39m[32;1m    +==================+[0;39m[m
[15:14:14] [Craft Scheduler Thread - 0/INFO]: [33;1m[[32;22mSkinsRestorer[33;1m] [0;39m[32;1m----------------------------------------------[0;39m[m
[15:14:14] [Craft Scheduler Thread - 0/INFO]: [33;1m[[32;22mSkinsRestorer[33;1m] [0;39m[36;1m    Current version: [32;1m14.2.3[0;39m[m
[15:14:14] [Craft Scheduler Thread - 0/INFO]: [33;1m[[32;22mSkinsRestorer[33;1m] [0;39m[32;1m    This is the latest version![0;39m[m
[15:14:14] [Craft Scheduler Thread - 0/INFO]: [33;1m[[32;22mSkinsRestorer[33;1m] [0;39m[32;1m----------------------------------------------[0;39m[m
[15:14:17] [Server thread/WARN]: Can't keep up! Is the server overloaded? Running 5279ms or 105 ticks behind
[15:15:07] [Server thread/INFO]: Attempting to restart with ./start.sh
[15:15:08] [Server thread/INFO]: Stopping server
[15:15:08] [Server thread/INFO]: [SimpleNick] Disabling SimpleNick v0.1
[15:15:08] [Server thread/INFO]: [PlasmoVoice] Disabling PlasmoVoice v1.0.11
[15:15:08] [Server thread/INFO]: [JustTab] Disabling JustTab v1.0
[15:15:08] [Server thread/INFO]: [SkinsRestorer] Disabling SkinsRestorer v14.2.3
[15:15:08] [Server thread/INFO]: [JustChat] Disabling JustChat v0.1
[15:15:08] [Server thread/INFO]: [CoreProtect] Disabling CoreProtect v21.2
[15:15:08] [Server thread/INFO]: [CoreProtect] Finishing up data logging. Please wait...
[15:15:08] [Thread-8/WARN]: java.lang.IllegalStateException: CoreProtectPreLogEvent cannot be triggered asynchronously from primary server thread.
[15:15:08] [Thread-8/WARN]: 	at org.bukkit.plugin.SimplePluginManager.callEvent(SimplePluginManager.java:568)
[15:15:08] [Thread-8/WARN]: 	at net.coreprotect.database.logger.BlockPlaceLogger.log(BlockPlaceLogger.java:82)
[15:15:08] [Thread-8/WARN]: 	at net.coreprotect.consumer.process.BlockPlaceProcess.process(BlockPlaceProcess.java:23)
[15:15:08] [Thread-8/WARN]: 	at net.coreprotect.consumer.process.Process.processConsumer(Process.java:140)
[15:15:08] [Thread-8/WARN]: 	at net.coreprotect.consumer.Consumer.run(Consumer.java:133)
[15:15:08] [Thread-8/WARN]: 	at java.base/java.lang.Thread.run(Thread.java:833)
[15:15:08] [Thread-8/WARN]: java.lang.IllegalStateException: CoreProtectPreLogEvent cannot be triggered asynchronously from primary server thread.
[15:15:08] [Thread-8/WARN]: 	at org.bukkit.plugin.SimplePluginManager.callEvent(SimplePluginManager.java:568)
[15:15:08] [Thread-8/WARN]: 	at net.coreprotect.database.logger.BlockPlaceLogger.log(BlockPlaceLogger.java:82)
[15:15:08] [Thread-8/WARN]: 	at net.coreprotect.consumer.process.BlockPlaceProcess.process(BlockPlaceProcess.java:23)
[15:15:08] [Thread-8/WARN]: 	at net.coreprotect.consumer.process.Process.processConsumer(Process.java:140)
[15:15:08] [Thread-8/WARN]: 	at net.coreprotect.consumer.Consumer.run(Consumer.java:133)
[15:15:08] [Thread-8/WARN]: 	at java.base/java.lang.Thread.run(Thread.java:833)
[15:15:08] [Thread-8/WARN]: java.lang.IllegalStateException: CoreProtectPreLogEvent cannot be triggered asynchronously from primary server thread.
[15:15:08] [Thread-8/WARN]: 	at org.bukkit.plugin.SimplePluginManager.callEvent(SimplePluginManager.java:568)
[15:15:08] [Thread-8/WARN]: 	at net.coreprotect.database.logger.BlockPlaceLogger.log(BlockPlaceLogger.java:82)
[15:15:08] [Thread-8/WARN]: 	at net.coreprotect.consumer.process.BlockPlaceProcess.process(BlockPlaceProcess.java:23)
[15:15:08] [Thread-8/WARN]: 	at net.coreprotect.consumer.process.Process.processConsumer(Process.java:140)
[15:15:08] [Thread-8/WARN]: 	at net.coreprotect.consumer.Consumer.run(Consumer.java:133)
[15:15:08] [Thread-8/WARN]: 	at java.base/java.lang.Thread.run(Thread.java:833)
[15:15:08] [Thread-8/WARN]: java.lang.IllegalStateException: CoreProtectPreLogEvent cannot be triggered asynchronously from primary server thread.
[15:15:08] [Thread-8/WARN]: 	at org.bukkit.plugin.SimplePluginManager.callEvent(SimplePluginManager.java:568)
[15:15:08] [Thread-8/WARN]: 	at net.coreprotect.database.logger.BlockPlaceLogger.log(BlockPlaceLogger.java:82)
[15:15:08] [Thread-8/WARN]: 	at net.coreprotect.consumer.process.BlockPlaceProcess.process(BlockPlaceProcess.java:23)
[15:15:08] [Thread-8/WARN]: 	at net.coreprotect.consumer.process.Process.processConsumer(Process.java:140)
[15:15:08] [Thread-8/WARN]: 	at net.coreprotect.consumer.Consumer.run(Consumer.java:133)
[15:15:08] [Thread-8/WARN]: 	at java.base/java.lang.Thread.run(Thread.java:833)
[15:15:08] [Thread-8/WARN]: java.lang.IllegalStateException: CoreProtectPreLogEvent cannot be triggered asynchronously from primary server thread.
[15:15:08] [Thread-8/WARN]: 	at org.bukkit.plugin.SimplePluginManager.callEvent(SimplePluginManager.java:568)
[15:15:08] [Thread-8/WARN]: 	at net.coreprotect.database.logger.BlockPlaceLogger.log(BlockPlaceLogger.java:82)
[15:15:08] [Thread-8/WARN]: 	at net.coreprotect.consumer.process.BlockPlaceProcess.process(BlockPlaceProcess.java:23)
[15:15:08] [Thread-8/WARN]: 	at net.coreprotect.consumer.process.Process.processConsumer(Process.java:140)
[15:15:08] [Thread-8/WARN]: 	at net.coreprotect.consumer.Consumer.run(Consumer.java:133)
[15:15:08] [Thread-8/WARN]: 	at java.base/java.lang.Thread.run(Thread.java:833)
[15:15:08] [Thread-8/WARN]: java.lang.IllegalStateException: CoreProtectPreLogEvent cannot be triggered asynchronously from primary server thread.
[15:15:08] [Thread-8/WARN]: 	at org.bukkit.plugin.SimplePluginManager.callEvent(SimplePluginManager.java:568)
[15:15:08] [Thread-8/WARN]: 	at net.coreprotect.database.logger.BlockPlaceLogger.log(BlockPlaceLogger.java:82)
[15:15:08] [Thread-8/WARN]: 	at net.coreprotect.consumer.process.BlockPlaceProcess.process(BlockPlaceProcess.java:23)
[15:15:08] [Thread-8/WARN]: 	at net.coreprotect.consumer.process.Process.processConsumer(Process.java:140)
[15:15:08] [Thread-8/WARN]: 	at net.coreprotect.consumer.Consumer.run(Consumer.java:133)
[15:15:08] [Thread-8/WARN]: 	at java.base/java.lang.Thread.run(Thread.java:833)
[15:15:08] [Thread-8/WARN]: java.lang.IllegalStateException: CoreProtectPreLogEvent cannot be triggered asynchronously from primary server thread.
[15:15:08] [Thread-8/WARN]: 	at org.bukkit.plugin.SimplePluginManager.callEvent(SimplePluginManager.java:568)
[15:15:08] [Thread-8/WARN]: 	at net.coreprotect.database.logger.BlockPlaceLogger.log(BlockPlaceLogger.java:82)
[15:15:08] [Thread-8/WARN]: 	at net.coreprotect.consumer.process.BlockPlaceProcess.process(BlockPlaceProcess.java:23)
[15:15:08] [Thread-8/WARN]: 	at net.coreprotect.consumer.process.Process.processConsumer(Process.java:140)
[15:15:08] [Thread-8/WARN]: 	at net.coreprotect.consumer.Consumer.run(Consumer.java:133)
[15:15:08] [Thread-8/WARN]: 	at java.base/java.lang.Thread.run(Thread.java:833)
[15:15:08] [Thread-8/WARN]: java.lang.IllegalStateException: CoreProtectPreLogEvent cannot be triggered asynchronously from primary server thread.
[15:15:08] [Thread-8/WARN]: 	at org.bukkit.plugin.SimplePluginManager.callEvent(SimplePluginManager.java:568)
[15:15:08] [Thread-8/WARN]: 	at net.coreprotect.database.logger.BlockPlaceLogger.log(BlockPlaceLogger.java:82)
[15:15:08] [Thread-8/WARN]: 	at net.coreprotect.consumer.process.BlockPlaceProcess.process(BlockPlaceProcess.java:23)
[15:15:08] [Thread-8/WARN]: 	at net.coreprotect.consumer.process.Process.processConsumer(Process.java:140)
[15:15:08] [Thread-8/WARN]: 	at net.coreprotect.consumer.Consumer.run(Consumer.java:133)
[15:15:08] [Thread-8/WARN]: 	at java.base/java.lang.Thread.run(Thread.java:833)
[15:15:08] [Thread-8/WARN]: java.lang.IllegalStateException: CoreProtectPreLogEvent cannot be triggered asynchronously from primary server thread.
[15:15:08] [Thread-8/WARN]: 	at org.bukkit.plugin.SimplePluginManager.callEvent(SimplePluginManager.java:568)
[15:15:08] [Thread-8/WARN]: 	at net.coreprotect.database.logger.BlockPlaceLogger.log(BlockPlaceLogger.java:82)
[15:15:08] [Thread-8/WARN]: 	at net.coreprotect.consumer.process.BlockPlaceProcess.process(BlockPlaceProcess.java:23)
[15:15:08] [Thread-8/WARN]: 	at net.coreprotect.consumer.process.Process.processConsumer(Process.java:140)
[15:15:08] [Thread-8/WARN]: 	at net.coreprotect.consumer.Consumer.run(Consumer.java:133)
[15:15:08] [Thread-8/WARN]: 	at java.base/java.lang.Thread.run(Thread.java:833)
[15:15:08] [Thread-8/WARN]: java.lang.IllegalStateException: CoreProtectPreLogEvent cannot be triggered asynchronously from primary server thread.
[15:15:08] [Thread-8/WARN]: 	at org.bukkit.plugin.SimplePluginManager.callEvent(SimplePluginManager.java:568)
[15:15:08] [Thread-8/WARN]: 	at net.coreprotect.database.logger.BlockPlaceLogger.log(BlockPlaceLogger.java:82)
[15:15:08] [Thread-8/WARN]: 	at net.coreprotect.consumer.process.BlockPlaceProcess.process(BlockPlaceProcess.java:23)
[15:15:08] [Thread-8/WARN]: 	at net.coreprotect.consumer.process.Process.processConsumer(Process.java:140)
[15:15:08] [Thread-8/WARN]: 	at net.coreprotect.consumer.Consumer.run(Consumer.java:133)
[15:15:08] [Thread-8/WARN]: 	at java.base/java.lang.Thread.run(Thread.java:833)
[15:15:08] [Thread-8/WARN]: java.lang.IllegalStateException: CoreProtectPreLogEvent cannot be triggered asynchronously from primary server thread.
[15:15:08] [Thread-8/WARN]: 	at org.bukkit.plugin.SimplePluginManager.callEvent(SimplePluginManager.java:568)
[15:15:08] [Thread-8/WARN]: 	at net.coreprotect.database.logger.BlockPlaceLogger.log(BlockPlaceLogger.java:82)
[15:15:08] [Thread-8/WARN]: 	at net.coreprotect.consumer.process.BlockPlaceProcess.process(BlockPlaceProcess.java:23)
[15:15:08] [Thread-8/WARN]: 	at net.coreprotect.consumer.process.Process.processConsumer(Process.java:140)
[15:15:08] [Thread-8/WARN]: 	at net.coreprotect.consumer.Consumer.run(Consumer.java:133)
[15:15:08] [Thread-8/WARN]: 	at java.base/java.lang.Thread.run(Thread.java:833)
[15:15:08] [Thread-8/WARN]: java.lang.IllegalStateException: CoreProtectPreLogEvent cannot be triggered asynchronously from primary server thread.
[15:15:08] [Thread-8/WARN]: 	at org.bukkit.plugin.SimplePluginManager.callEvent(SimplePluginManager.java:568)
[15:15:08] [Thread-8/WARN]: 	at net.coreprotect.database.logger.BlockPlaceLogger.log(BlockPlaceLogger.java:82)
[15:15:08] [Thread-8/WARN]: 	at net.coreprotect.consumer.process.BlockPlaceProcess.process(BlockPlaceProcess.java:23)
[15:15:08] [Thread-8/WARN]: 	at net.coreprotect.consumer.process.Process.processConsumer(Process.java:140)
[15:15:08] [Thread-8/WARN]: 	at net.coreprotect.consumer.Consumer.run(Consumer.java:133)
[15:15:08] [Thread-8/WARN]: 	at java.base/java.lang.Thread.run(Thread.java:833)
[15:15:08] [Thread-8/WARN]: java.lang.IllegalStateException: CoreProtectPreLogEvent cannot be triggered asynchronously from primary server thread.
[15:15:08] [Thread-8/WARN]: 	at org.bukkit.plugin.SimplePluginManager.callEvent(SimplePluginManager.java:568)
[15:15:08] [Thread-8/WARN]: 	at net.coreprotect.database.logger.BlockPlaceLogger.log(BlockPlaceLogger.java:82)
[15:15:08] [Thread-8/WARN]: 	at net.coreprotect.consumer.process.BlockPlaceProcess.process(BlockPlaceProcess.java:23)
[15:15:08] [Thread-8/WARN]: 	at net.coreprotect.consumer.process.Process.processConsumer(Process.java:140)
[15:15:08] [Thread-8/WARN]: 	at net.coreprotect.consumer.Consumer.run(Consumer.java:133)
[15:15:08] [Thread-8/WARN]: 	at java.base/java.lang.Thread.run(Thread.java:833)
[15:15:08] [Thread-8/WARN]: java.lang.IllegalStateException: CoreProtectPreLogEvent cannot be triggered asynchronously from primary server thread.
[15:15:08] [Thread-8/WARN]: 	at org.bukkit.plugin.SimplePluginManager.callEvent(SimplePluginManager.java:568)
[15:15:08] [Thread-8/WARN]: 	at net.coreprotect.database.logger.BlockPlaceLogger.log(BlockPlaceLogger.java:82)
[15:15:08] [Thread-8/WARN]: 	at net.coreprotect.consumer.process.BlockPlaceProcess.process(BlockPlaceProcess.java:23)
[15:15:08] [Thread-8/WARN]: 	at net.coreprotect.consumer.process.Process.processConsumer(Process.java:140)
[15:15:08] [Thread-8/WARN]: 	at net.coreprotect.consumer.Consumer.run(Consumer.java:133)
[15:15:08] [Thread-8/WARN]: 	at java.base/java.lang.Thread.run(Thread.java:833)
[15:15:08] [Thread-8/WARN]: java.lang.IllegalStateException: CoreProtectPreLogEvent cannot be triggered asynchronously from primary server thread.
[15:15:08] [Thread-8/WARN]: 	at org.bukkit.plugin.SimplePluginManager.callEvent(SimplePluginManager.java:568)
[15:15:08] [Thread-8/WARN]: 	at net.coreprotect.database.logger.BlockPlaceLogger.log(BlockPlaceLogger.java:82)
[15:15:08] [Thread-8/WARN]: 	at net.coreprotect.consumer.process.BlockPlaceProcess.process(BlockPlaceProcess.java:23)
[15:15:08] [Thread-8/WARN]: 	at net.coreprotect.consumer.process.Process.processConsumer(Process.java:140)
[15:15:08] [Thread-8/WARN]: 	at net.coreprotect.consumer.Consumer.run(Consumer.java:133)
[15:15:08] [Thread-8/WARN]: 	at java.base/java.lang.Thread.run(Thread.java:833)
[15:15:08] [Thread-8/WARN]: java.lang.IllegalStateException: CoreProtectPreLogEvent cannot be triggered asynchronously from primary server thread.
[15:15:08] [Thread-8/WARN]: 	at org.bukkit.plugin.SimplePluginManager.callEvent(SimplePluginManager.java:568)
[15:15:08] [Thread-8/WARN]: 	at net.coreprotect.database.logger.BlockPlaceLogger.log(BlockPlaceLogger.java:82)
[15:15:08] [Thread-8/WARN]: 	at net.coreprotect.consumer.process.BlockPlaceProcess.process(BlockPlaceProcess.java:23)
[15:15:08] [Thread-8/WARN]: 	at net.coreprotect.consumer.process.Process.processConsumer(Process.java:140)
[15:15:08] [Thread-8/WARN]: 	at net.coreprotect.consumer.Consumer.run(Consumer.java:133)
[15:15:08] [Thread-8/WARN]: 	at java.base/java.lang.Thread.run(Thread.java:833)
[15:15:08] [Thread-8/WARN]: java.lang.IllegalStateException: CoreProtectPreLogEvent cannot be triggered asynchronously from primary server thread.
[15:15:08] [Thread-8/WARN]: 	at org.bukkit.plugin.SimplePluginManager.callEvent(SimplePluginManager.java:568)
[15:15:08] [Thread-8/WARN]: 	at net.coreprotect.database.logger.BlockPlaceLogger.log(BlockPlaceLogger.java:82)
[15:15:08] [Thread-8/WARN]: 	at net.coreprotect.consumer.process.BlockPlaceProcess.process(BlockPlaceProcess.java:23)
[15:15:08] [Thread-8/WARN]: 	at net.coreprotect.consumer.process.Process.processConsumer(Process.java:140)
[15:15:08] [Thread-8/WARN]: 	at net.coreprotect.consumer.Consumer.run(Consumer.java:133)
[15:15:08] [Thread-8/WARN]: 	at java.base/java.lang.Thread.run(Thread.java:833)
[15:15:08] [Thread-8/WARN]: java.lang.IllegalStateException: CoreProtectPreLogEvent cannot be triggered asynchronously from primary server thread.
[15:15:08] [Thread-8/WARN]: 	at org.bukkit.plugin.SimplePluginManager.callEvent(SimplePluginManager.java:568)
[15:15:08] [Thread-8/WARN]: 	at net.coreprotect.database.logger.BlockPlaceLogger.log(BlockPlaceLogger.java:82)
[15:15:08] [Thread-8/WARN]: 	at net.coreprotect.consumer.process.BlockPlaceProcess.process(BlockPlaceProcess.java:23)
[15:15:08] [Thread-8/WARN]: 	at net.coreprotect.consumer.process.Process.processConsumer(Process.java:140)
[15:15:08] [Thread-8/WARN]: 	at net.coreprotect.consumer.Consumer.run(Consumer.java:133)
[15:15:08] [Thread-8/WARN]: 	at java.base/java.lang.Thread.run(Thread.java:833)
[15:15:08] [Thread-8/WARN]: java.lang.IllegalStateException: CoreProtectPreLogEvent cannot be triggered asynchronously from primary server thread.
[15:15:08] [Thread-8/WARN]: 	at org.bukkit.plugin.SimplePluginManager.callEvent(SimplePluginManager.java:568)
[15:15:08] [Thread-8/WARN]: 	at net.coreprotect.database.logger.BlockPlaceLogger.log(BlockPlaceLogger.java:82)
[15:15:08] [Thread-8/WARN]: 	at net.coreprotect.consumer.process.BlockPlaceProcess.process(BlockPlaceProcess.java:23)
[15:15:08] [Thread-8/WARN]: 	at net.coreprotect.consumer.process.Process.processConsumer(Process.java:140)
[15:15:08] [Thread-8/WARN]: 	at net.coreprotect.consumer.Consumer.run(Consumer.java:133)
[15:15:08] [Thread-8/WARN]: 	at java.base/java.lang.Thread.run(Thread.java:833)
[15:15:08] [Thread-8/WARN]: java.lang.IllegalStateException: CoreProtectPreLogEvent cannot be triggered asynchronously from primary server thread.
[15:15:08] [Thread-8/WARN]: 	at org.bukkit.plugin.SimplePluginManager.callEvent(SimplePluginManager.java:568)
[15:15:08] [Thread-8/WARN]: 	at net.coreprotect.database.logger.BlockPlaceLogger.log(BlockPlaceLogger.java:82)
[15:15:08] [Thread-8/WARN]: 	at net.coreprotect.consumer.process.BlockPlaceProcess.process(BlockPlaceProcess.java:23)
[15:15:08] [Thread-8/WARN]: 	at net.coreprotect.consumer.process.Process.processConsumer(Process.java:140)
[15:15:08] [Thread-8/WARN]: 	at net.coreprotect.consumer.Consumer.run(Consumer.java:133)
[15:15:08] [Thread-8/WARN]: 	at java.base/java.lang.Thread.run(Thread.java:833)
[15:15:08] [Thread-8/WARN]: java.lang.IllegalStateException: CoreProtectPreLogEvent cannot be triggered asynchronously from primary server thread.
[15:15:08] [Thread-8/WARN]: 	at org.bukkit.plugin.SimplePluginManager.callEvent(SimplePluginManager.java:568)
[15:15:08] [Thread-8/WARN]: 	at net.coreprotect.database.logger.BlockPlaceLogger.log(BlockPlaceLogger.java:82)
[15:15:08] [Thread-8/WARN]: 	at net.coreprotect.consumer.process.BlockPlaceProcess.process(BlockPlaceProcess.java:23)
[15:15:08] [Thread-8/WARN]: 	at net.coreprotect.consumer.process.Process.processConsumer(Process.java:140)
[15:15:08] [Thread-8/WARN]: 	at net.coreprotect.consumer.Consumer.run(Consumer.java:133)
[15:15:08] [Thread-8/WARN]: 	at java.base/java.lang.Thread.run(Thread.java:833)
[15:15:08] [Thread-8/WARN]: java.lang.IllegalStateException: CoreProtectPreLogEvent cannot be triggered asynchronously from primary server thread.
[15:15:08] [Thread-8/WARN]: 	at org.bukkit.plugin.SimplePluginManager.callEvent(SimplePluginManager.java:568)
[15:15:08] [Thread-8/WARN]: 	at net.coreprotect.database.logger.BlockPlaceLogger.log(BlockPlaceLogger.java:82)
[15:15:08] [Thread-8/WARN]: 	at net.coreprotect.consumer.process.BlockPlaceProcess.process(BlockPlaceProcess.java:23)
[15:15:08] [Thread-8/WARN]: 	at net.coreprotect.consumer.process.Process.processConsumer(Process.java:140)
[15:15:08] [Thread-8/WARN]: 	at net.coreprotect.consumer.Consumer.run(Consumer.java:133)
[15:15:08] [Thread-8/WARN]: 	at java.base/java.lang.Thread.run(Thread.java:833)
[15:15:08] [Thread-8/WARN]: java.lang.IllegalStateException: CoreProtectPreLogEvent cannot be triggered asynchronously from primary server thread.
[15:15:08] [Thread-8/WARN]: 	at org.bukkit.plugin.SimplePluginManager.callEvent(SimplePluginManager.java:568)
[15:15:08] [Thread-8/WARN]: 	at net.coreprotect.database.logger.BlockPlaceLogger.log(BlockPlaceLogger.java:82)
[15:15:08] [Thread-8/WARN]: 	at net.coreprotect.consumer.process.BlockPlaceProcess.process(BlockPlaceProcess.java:23)
[15:15:08] [Thread-8/WARN]: 	at net.coreprotect.consumer.process.Process.processConsumer(Process.java:140)
[15:15:08] [Thread-8/WARN]: 	at net.coreprotect.consumer.Consumer.run(Consumer.java:133)
[15:15:08] [Thread-8/WARN]: 	at java.base/java.lang.Thread.run(Thread.java:833)
[15:15:08] [Thread-8/WARN]: java.lang.IllegalStateException: CoreProtectPreLogEvent cannot be triggered asynchronously from primary server thread.
[15:15:08] [Thread-8/WARN]: 	at org.bukkit.plugin.SimplePluginManager.callEvent(SimplePluginManager.java:568)
[15:15:08] [Thread-8/WARN]: 	at net.coreprotect.database.logger.BlockPlaceLogger.log(BlockPlaceLogger.java:82)
[15:15:08] [Thread-8/WARN]: 	at net.coreprotect.consumer.process.BlockPlaceProcess.process(BlockPlaceProcess.java:23)
[15:15:08] [Thread-8/WARN]: 	at net.coreprotect.consumer.process.Process.processConsumer(Process.java:140)
[15:15:08] [Thread-8/WARN]: 	at net.coreprotect.consumer.Consumer.run(Consumer.java:133)
[15:15:08] [Thread-8/WARN]: 	at java.base/java.lang.Thread.run(Thread.java:833)
[15:15:09] [Server thread/INFO]: [CoreProtect] Success! Disabled CoreProtect v21.2
[15:15:09] [Server thread/INFO]: Saving players
[15:15:09] [Server thread/INFO]: Saving worlds
[15:15:26] [Server thread/INFO]: Saving chunks for level 'ServerLevel[world]'/minecraft:overworld
[15:15:27] [Server thread/INFO]: Saving chunks for level 'ServerLevel[world_nether]'/minecraft:the_nether
[15:15:28] [Server thread/INFO]: Saving chunks for level 'ServerLevel[world_the_end]'/minecraft:the_end
[15:15:28] [Server thread/INFO]: ThreadedAnvilChunkStorage (world): All chunks are saved
[15:15:28] [Server thread/INFO]: ThreadedAnvilChunkStorage (DIM-1): All chunks are saved
[15:15:28] [Server thread/INFO]: ThreadedAnvilChunkStorage (DIM1): All chunks are saved
[15:15:28] [Server thread/INFO]: ThreadedAnvilChunkStorage: All dimensions are saved
